0 info it worked if it ends with ok
1 verbose cli [ '/Users/freya/IdeaProjects/app-script-playground/webapp/.gradle/nodejs/node-v6.9.1-darwin-x64/bin/node',
1 verbose cli   '/Users/freya/IdeaProjects/app-script-playground/webapp/.gradle/nodejs/node-v6.9.1-darwin-x64/bin/npm',
1 verbose cli   'run',
1 verbose cli   'build' ]
2 info using npm@3.10.8
3 info using node@v6.9.1
4 verbose run-script [ 'prebuild', 'build', 'postbuild' ]
5 info lifecycle overstory-ld@0.0.0~prebuild: overstory-ld@0.0.0
6 silly lifecycle overstory-ld@0.0.0~prebuild: no script for prebuild, continuing
7 info lifecycle overstory-ld@0.0.0~build: overstory-ld@0.0.0
8 verbose lifecycle overstory-ld@0.0.0~build: unsafe-perm in lifecycle true
9 verbose lifecycle overstory-ld@0.0.0~build: PATH: /Users/freya/IdeaProjects/app-script-playground/webapp/.gradle/nodejs/node-v6.9.1-darwin-x64/lib/node_modules/npm/bin/node-gyp-bin:/Users/freya/IdeaProjects/app-script-playground/webapp/node_modules/.bin:/Users/freya/IdeaProjects/app-script-playground/webapp/.gradle/nodejs/node-v6.9.1-darwin-x64/bin:/Users/freya/IdeaProjects/app-script-playground/webapp/.gradle/nodejs/node-v6.9.1-darwin-x64/bin:/usr/bin:/bin:/usr/sbin:/sbin
10 verbose lifecycle overstory-ld@0.0.0~build: CWD: /Users/freya/IdeaProjects/app-script-playground/webapp
11 silly lifecycle overstory-ld@0.0.0~build: Args: [ '-c', 'ng build --watch' ]
12 silly lifecycle overstory-ld@0.0.0~build: Returned: code: 1  signal: null
13 info lifecycle overstory-ld@0.0.0~build: Failed to exec build script
14 verbose stack Error: overstory-ld@0.0.0 build: `ng build --watch`
14 verbose stack Exit status 1
14 verbose stack     at EventEmitter.<anonymous> (/Users/freya/IdeaProjects/app-script-playground/webapp/.gradle/nodejs/node-v6.9.1-darwin-x64/lib/node_modules/npm/lib/utils/lifecycle.js:255:16)
14 verbose stack     at emitTwo (events.js:106:13)
14 verbose stack     at EventEmitter.emit (events.js:191:7)
14 verbose stack     at ChildProcess.<anonymous> (/Users/freya/IdeaProjects/app-script-playground/webapp/.gradle/nodejs/node-v6.9.1-darwin-x64/lib/node_modules/npm/lib/utils/spawn.js:40:14)
14 verbose stack     at emitTwo (events.js:106:13)
14 verbose stack     at ChildProcess.emit (events.js:191:7)
14 verbose stack     at maybeClose (internal/child_process.js:877:16)
14 verbose stack     at Process.ChildProcess._handle.onexit (internal/child_process.js:226:5)
15 verbose pkgid overstory-ld@0.0.0
16 verbose cwd /Users/freya/IdeaProjects/app-script-playground/webapp
17 error Darwin 16.4.0
18 error argv "/Users/freya/IdeaProjects/app-script-playground/webapp/.gradle/nodejs/node-v6.9.1-darwin-x64/bin/node" "/Users/freya/IdeaProjects/app-script-playground/webapp/.gradle/nodejs/node-v6.9.1-darwin-x64/bin/npm" "run" "build"
19 error node v6.9.1
20 error npm  v3.10.8
21 error code ELIFECYCLE
22 error overstory-ld@0.0.0 build: `ng build --watch`
22 error Exit status 1
23 error Failed at the overstory-ld@0.0.0 build script 'ng build --watch'.
23 error Make sure you have the latest version of node.js and npm installed.
23 error If you do, this is most likely a problem with the overstory-ld package,
23 error not with npm itself.
23 error Tell the author that this fails on your system:
23 error     ng build --watch
23 error You can get information on how to open an issue for this project with:
23 error     npm bugs overstory-ld
23 error Or if that isn't available, you can get their info via:
23 error     npm owner ls overstory-ld
23 error There is likely additional logging output above.
24 verbose exit [ 1, true ]
